Artist: Ace of Base
Preview URL: https://p.scdn.co/mp3-preview/4c463359f67dd3546db7294d236dd0ae991882ff?cid=108f5f15fb6f443b9c7a47d24119d0ad
Song Name: The Sign
Album Name: The Sign (US Album) [Remastered]
Artist: Dio
Song Name: Holy Diver
Preview URL: https://p.scdn.co/mp3-preview/2b39f877d26df99740e2fd49b29e41d9001d29c1?cid=108f5f15fb6f443b9c7a47d24119d0ad
Album Name: Holy Diver
Preview URL: https://p.scdn.co/mp3-preview/7a68b8e6e65e238de76aa11780da00800ada43bc?cid=108f5f15fb6f443b9c7a47d24119d0ad
Artist: Killswitch Engage
Album Name: As Daylight Dies (Special Edition)
Song Name: Holy Diver
Artist: Dio
Song Name: Holy Diver
Preview URL: https://p.scdn.co/mp3-preview/2b39f877d26df99740e2fd49b29e41d9001d29c1?cid=108f5f15fb6f443b9c7a47d24119d0ad
Album Name: Holy Diver
Artist: Killswitch Engage
Preview URL: https://p.scdn.co/mp3-preview/7a68b8e6e65e238de76aa11780da00800ada43bc?cid=108f5f15fb6f443b9c7a47d24119d0ad
Album Name: As Daylight Dies (Special Edition)
Song Name: Holy Diver
Title: Mr. Nobody
Release Year: 2009
Country : Belgium, Germany, Canada, France, USA, UK
Language : English, Mohawk
Plot: A boy stands on a station platform as a train is about to leave. Should he go with his mother or stay with his father? Infinite possibilities arise from this decision. As long as he doesn't choose, anything is possible.
Rotten Tomato Rating: N/A
IMDB Rating: 7.9
Actors : Jared Leto, Sarah Polley, Diane Kruger, Linh Dan Pham
Artist: Ace of Base
Song Name: The Sign
Preview URL: https://p.scdn.co/mp3-preview/4c463359f67dd3546db7294d236dd0ae991882ff?cid=108f5f15fb6f443b9c7a47d24119d0ad
Album Name: The Sign (US Album) [Remastered]
